<?xml version="1.0" encoding="utf-8"?><testsuites name="pytest tests"><testsuite name="pytest" errors="0" failures="0" skipped="0" tests="26" time="3.141" timestamp="2026-07-29T17:59:57.152692+00:00" hostname="agent-env-7a3339b2-2c23-40cc-b360-695efbde289d"><testcase classname="tests.test_gharana_backend.TestAuth" name="test_login_success" time="0.364" /><testcase classname="tests.test_gharana_backend.TestCatalog" name="test_categories_returns_8" time="0.366" /><testcase classname="tests.test_gharana_backend.TestAuth" name="test_login_wrong_password_401" time="0.362" /><testcase classname="tests.test_gharana_backend.TestCatalog" name="test_products_list" time="0.363" /><testcase classname="tests.test_gharana_backend.TestAuth" name="test_me_requires_token" time="0.073" /><testcase classname="tests.test_gharana_backend.TestCatalog" name="test_products_filter_by_category" time="0.043" /><testcase classname="tests.test_gharana_backend.TestCatalog" name="test_products_filter_featured" time="0.039" /><testcase classname="tests.test_gharana_backend.TestCatalog" name="test_products_search_turmeric" time="0.243" /><testcase classname="tests.test_gharana_backend.TestCatalog" name="test_product_by_slug" time="0.037" /><testcase classname="tests.test_gharana_backend.TestAuth" name="test_me_with_token" time="0.367" /><testcase classname="tests.test_gharana_backend.TestCatalog" name="test_product_by_slug_404" time="0.033" /><testcase classname="tests.test_gharana_backend.TestPromo" name="test_ghar50_valid" time="0.039" /><testcase classname="tests.test_gharana_backend.TestAuth" name="test_register_then_login" time="0.554" /><testcase classname="tests.test_gharana_backend.TestPromo" name="test_ghar50_below_minimum" time="0.296" /><testcase classname="tests.test_gharana_backend.TestPromo" name="test_invalid_promo" time="0.078" /><testcase classname="tests.test_gharana_backend.TestDelivery" name="test_delivery_check_valid" time="0.183" /><testcase classname="tests.test_gharana_backend.TestDelivery" name="test_delivery_check_invalid" time="0.073" /><testcase classname="tests.test_gharana_backend.TestRecipes" name="test_list_recipes" time="0.031" /><testcase classname="tests.test_gharana_backend.TestOrders" name="test_create_order_computes_totals_free_delivery" time="0.245" /><testcase classname="tests.test_gharana_backend.TestRecipes" name="test_recipe_by_slug" time="0.074" /><testcase classname="tests.test_gharana_backend.TestOrders" name="test_create_order_with_delivery_fee" time="0.273" /><testcase classname="tests.test_gharana_backend.TestAddresses" name="test_address_crud" time="0.630" /><testcase classname="tests.test_gharana_backend.TestOrders" name="test_list_orders" time="0.036" /><testcase classname="tests.test_gharana_backend.TestOrders" name="test_get_order_with_timeline" time="0.084" /><testcase classname="tests.test_gharana_backend.TestOrders" name="test_order_requires_auth" time="0.152" /><testcase classname="tests.test_gharana_backend.TestSubs" name="test_sub_crud" time="0.260" /></testsuite></testsuites>